16:11:16 **** Build of configuration Release for project sample_freertos ****
make all 
Building file: ../system/src/stm32f2-stdperiph/misc.c
Invoking: Cross ARM GNU C Compiler
arm-none-eabi-gcc -mcpu=cortex-m3 -mthumb -Os -fmessage-length=0 -fsigned-char -ffunction-sections -fdata-sections -ffreestanding -Wall -Wextra  -g -DNDEBUG -DSTM32F2XX -DUSE_STDPERIPH_DRIVER -DHSE_VALUE=8000000 -I"../include" -I"../system/include" -I"../system/include/cmsis" -I"../system/include/stm32f2-stdperiph" -std=gnu11 -MMD -MP -MF"system/src/stm32f2-stdperiph/misc.d" -MT"system/src/stm32f2-stdperiph/misc.o" -c -o "system/src/stm32f2-stdperiph/misc.o" "../system/src/stm32f2-stdperiph/misc.c"
Finished building: ../system/src/stm32f2-stdperiph/misc.c
 
Building file: ../system/src/stm32f2-stdperiph/stm32f2xx_gpio.c
Invoking: Cross ARM GNU C Compiler
arm-none-eabi-gcc -mcpu=cortex-m3 -mthumb -Os -fmessage-length=0 -fsigned-char -ffunction-sections -fdata-sections -ffreestanding -Wall -Wextra  -g -DNDEBUG -DSTM32F2XX -DUSE_STDPERIPH_DRIVER -DHSE_VALUE=8000000 -I"../include" -I"../system/include" -I"../system/include/cmsis" -I"../system/include/stm32f2-stdperiph" -std=gnu11 -MMD -MP -MF"system/src/stm32f2-stdperiph/stm32f2xx_gpio.d" -MT"system/src/stm32f2-stdperiph/stm32f2xx_gpio.o" -c -o "system/src/stm32f2-stdperiph/stm32f2xx_gpio.o" "../system/src/stm32f2-stdperiph/stm32f2xx_gpio.c"
Finished building: ../system/src/stm32f2-stdperiph/stm32f2xx_gpio.c
 
Building file: ../system/src/stm32f2-stdperiph/stm32f2xx_rcc.c
Invoking: Cross ARM GNU C Compiler
arm-none-eabi-gcc -mcpu=cortex-m3 -mthumb -Os -fmessage-length=0 -fsigned-char -ffunction-sections -fdata-sections -ffreestanding -Wall -Wextra  -g -DNDEBUG -DSTM32F2XX -DUSE_STDPERIPH_DRIVER -DHSE_VALUE=8000000 -I"../include" -I"../system/include" -I"../system/include/cmsis" -I"../system/include/stm32f2-stdperiph" -std=gnu11 -MMD -MP -MF"system/src/stm32f2-stdperiph/stm32f2xx_rcc.d" -MT"system/src/stm32f2-stdperiph/stm32f2xx_rcc.o" -c -o "system/src/stm32f2-stdperiph/stm32f2xx_rcc.o" "../system/src/stm32f2-stdperiph/stm32f2xx_rcc.c"
Finished building: ../system/src/stm32f2-stdperiph/stm32f2xx_rcc.c
 
Building file: ../system/src/newlib/_cxx.cpp
Invoking: Cross ARM GNU C++ Compiler
arm-none-eabi-g++ -mcpu=cortex-m3 -mthumb -Os -fmessage-length=0 -fsigned-char -ffunction-sections -fdata-sections -ffreestanding -Wall -Wextra  -g -DNDEBUG -DSTM32F2XX -DUSE_STDPERIPH_DRIVER -DHSE_VALUE=8000000 -I"../include" -I"../system/include" -I"../system/include/cmsis" -I"../system/include/stm32f2-stdperiph" -std=gnu++11 -fabi-version=0 -fno-exceptions -fno-rtti -fno-use-cxa-atexit -fno-threadsafe-statics -MMD -MP -MF"system/src/newlib/_cxx.d" -MT"system/src/newlib/_cxx.o" -c -o "system/src/newlib/_cxx.o" "../system/src/newlib/_cxx.cpp"
Finished building: ../system/src/newlib/_cxx.cpp
 
Building file: ../system/src/newlib/_exit.c
Invoking: Cross ARM GNU C Compiler
arm-none-eabi-gcc -mcpu=cortex-m3 -mthumb -Os -fmessage-length=0 -fsigned-char -ffunction-sections -fdata-sections -ffreestanding -Wall -Wextra  -g -DNDEBUG -DSTM32F2XX -DUSE_STDPERIPH_DRIVER -DHSE_VALUE=8000000 -I"../include" -I"../system/include" -I"../system/include/cmsis" -I"../system/include/stm32f2-stdperiph" -std=gnu11 -MMD -MP -MF"system/src/newlib/_exit.d" -MT"system/src/newlib/_exit.o" -c -o "system/src/newlib/_exit.o" "../system/src/newlib/_exit.c"
Finished building: ../system/src/newlib/_exit.c
 
Building file: ../system/src/newlib/_sbrk.c
Invoking: Cross ARM GNU C Compiler
arm-none-eabi-gcc -mcpu=cortex-m3 -mthumb -Os -fmessage-length=0 -fsigned-char -ffunction-sections -fdata-sections -ffreestanding -Wall -Wextra  -g -DNDEBUG -DSTM32F2XX -DUSE_STDPERIPH_DRIVER -DHSE_VALUE=8000000 -I"../include" -I"../system/include" -I"../system/include/cmsis" -I"../system/include/stm32f2-stdperiph" -std=gnu11 -MMD -MP -MF"system/src/newlib/_sbrk.d" -MT"system/src/newlib/_sbrk.o" -c -o "system/src/newlib/_sbrk.o" "../system/src/newlib/_sbrk.c"
Finished building: ../system/src/newlib/_sbrk.c
 
Building file: ../system/src/newlib/_startup.c
Invoking: Cross ARM GNU C Compiler
arm-none-eabi-gcc -mcpu=cortex-m3 -mthumb -Os -fmessage-length=0 -fsigned-char -ffunction-sections -fdata-sections -ffreestanding -Wall -Wextra  -g -DNDEBUG -DSTM32F2XX -DUSE_STDPERIPH_DRIVER -DHSE_VALUE=8000000 -I"../include" -I"../system/include" -I"../system/include/cmsis" -I"../system/include/stm32f2-stdperiph" -std=gnu11 -MMD -MP -MF"system/src/newlib/_startup.d" -MT"system/src/newlib/_startup.o" -c -o "system/src/newlib/_startup.o" "../system/src/newlib/_startup.c"
Finished building: ../system/src/newlib/_startup.c
 
Building file: ../system/src/newlib/_syscalls.c
Invoking: Cross ARM GNU C Compiler
arm-none-eabi-gcc -mcpu=cortex-m3 -mthumb -Os -fmessage-length=0 -fsigned-char -ffunction-sections -fdata-sections -ffreestanding -Wall -Wextra  -g -DNDEBUG -DSTM32F2XX -DUSE_STDPERIPH_DRIVER -DHSE_VALUE=8000000 -I"../include" -I"../system/include" -I"../system/include/cmsis" -I"../system/include/stm32f2-stdperiph" -std=gnu11 -MMD -MP -MF"system/src/newlib/_syscalls.d" -MT"system/src/newlib/_syscalls.o" -c -o "system/src/newlib/_syscalls.o" "../system/src/newlib/_syscalls.c"
Finished building: ../system/src/newlib/_syscalls.c
 
Building file: ../system/src/newlib/assert.c
Invoking: Cross ARM GNU C Compiler
arm-none-eabi-gcc -mcpu=cortex-m3 -mthumb -Os -fmessage-length=0 -fsigned-char -ffunction-sections -fdata-sections -ffreestanding -Wall -Wextra  -g -DNDEBUG -DSTM32F2XX -DUSE_STDPERIPH_DRIVER -DHSE_VALUE=8000000 -I"../include" -I"../system/include" -I"../system/include/cmsis" -I"../system/include/stm32f2-stdperiph" -std=gnu11 -MMD -MP -MF"system/src/newlib/assert.d" -MT"system/src/newlib/assert.o" -c -o "system/src/newlib/assert.o" "../system/src/newlib/assert.c"
Finished building: ../system/src/newlib/assert.c
 
Building file: ../system/src/diag/Trace.c
Invoking: Cross ARM GNU C Compiler
arm-none-eabi-gcc -mcpu=cortex-m3 -mthumb -Os -fmessage-length=0 -fsigned-char -ffunction-sections -fdata-sections -ffreestanding -Wall -Wextra  -g -DNDEBUG -DSTM32F2XX -DUSE_STDPERIPH_DRIVER -DHSE_VALUE=8000000 -I"../include" -I"../system/include" -I"../system/include/cmsis" -I"../system/include/stm32f2-stdperiph" -std=gnu11 -MMD -MP -MF"system/src/diag/Trace.d" -MT"system/src/diag/Trace.o" -c -o "system/src/diag/Trace.o" "../system/src/diag/Trace.c"
Finished building: ../system/src/diag/Trace.c
 
Building file: ../system/src/diag/trace_impl.c
Invoking: Cross ARM GNU C Compiler
arm-none-eabi-gcc -mcpu=cortex-m3 -mthumb -Os -fmessage-length=0 -fsigned-char -ffunction-sections -fdata-sections -ffreestanding -Wall -Wextra  -g -DNDEBUG -DSTM32F2XX -DUSE_STDPERIPH_DRIVER -DHSE_VALUE=8000000 -I"../include" -I"../system/include" -I"../system/include/cmsis" -I"../system/include/stm32f2-stdperiph" -std=gnu11 -MMD -MP -MF"system/src/diag/trace_impl.d" -MT"system/src/diag/trace_impl.o" -c -o "system/src/diag/trace_impl.o" "../system/src/diag/trace_impl.c"
Finished building: ../system/src/diag/trace_impl.c
 
Building file: ../system/src/cortexm/_initialize_hardware.c
Invoking: Cross ARM GNU C Compiler
arm-none-eabi-gcc -mcpu=cortex-m3 -mthumb -Os -fmessage-length=0 -fsigned-char -ffunction-sections -fdata-sections -ffreestanding -Wall -Wextra  -g -DNDEBUG -DSTM32F2XX -DUSE_STDPERIPH_DRIVER -DHSE_VALUE=8000000 -I"../include" -I"../system/include" -I"../system/include/cmsis" -I"../system/include/stm32f2-stdperiph" -std=gnu11 -MMD -MP -MF"system/src/cortexm/_initialize_hardware.d" -MT"system/src/cortexm/_initialize_hardware.o" -c -o "system/src/cortexm/_initialize_hardware.o" "../system/src/cortexm/_initialize_hardware.c"
Finished building: ../system/src/cortexm/_initialize_hardware.c
 
Building file: ../system/src/cortexm/_reset_hardware.c
Invoking: Cross ARM GNU C Compiler
arm-none-eabi-gcc -mcpu=cortex-m3 -mthumb -Os -fmessage-length=0 -fsigned-char -ffunction-sections -fdata-sections -ffreestanding -Wall -Wextra  -g -DNDEBUG -DSTM32F2XX -DUSE_STDPERIPH_DRIVER -DHSE_VALUE=8000000 -I"../include" -I"../system/include" -I"../system/include/cmsis" -I"../system/include/stm32f2-stdperiph" -std=gnu11 -MMD -MP -MF"system/src/cortexm/_reset_hardware.d" -MT"system/src/cortexm/_reset_hardware.o" -c -o "system/src/cortexm/_reset_hardware.o" "../system/src/cortexm/_reset_hardware.c"
Finished building: ../system/src/cortexm/_reset_hardware.c
 
Building file: ../system/src/cortexm/exception_handlers.c
Invoking: Cross ARM GNU C Compiler
arm-none-eabi-gcc -mcpu=cortex-m3 -mthumb -Os -fmessage-length=0 -fsigned-char -ffunction-sections -fdata-sections -ffreestanding -Wall -Wextra  -g -DNDEBUG -DSTM32F2XX -DUSE_STDPERIPH_DRIVER -DHSE_VALUE=8000000 -I"../include" -I"../system/include" -I"../system/include/cmsis" -I"../system/include/stm32f2-stdperiph" -std=gnu11 -MMD -MP -MF"system/src/cortexm/exception_handlers.d" -MT"system/src/cortexm/exception_handlers.o" -c -o "system/src/cortexm/exception_handlers.o" "../system/src/cortexm/exception_handlers.c"
Finished building: ../system/src/cortexm/exception_handlers.c
 
Building file: ../system/src/cmsis/system_stm32f2xx.c
Invoking: Cross ARM GNU C Compiler
arm-none-eabi-gcc -mcpu=cortex-m3 -mthumb -Os -fmessage-length=0 -fsigned-char -ffunction-sections -fdata-sections -ffreestanding -Wall -Wextra  -g -DNDEBUG -DSTM32F2XX -DUSE_STDPERIPH_DRIVER -DHSE_VALUE=8000000 -I"../include" -I"../system/include" -I"../system/include/cmsis" -I"../system/include/stm32f2-stdperiph" -std=gnu11 -MMD -MP -MF"system/src/cmsis/system_stm32f2xx.d" -MT"system/src/cmsis/system_stm32f2xx.o" -c -o "system/src/cmsis/system_stm32f2xx.o" "../system/src/cmsis/system_stm32f2xx.c"
Finished building: ../system/src/cmsis/system_stm32f2xx.c
 
Building file: ../system/src/cmsis/vectors_stm32f2xx.c
Invoking: Cross ARM GNU C Compiler
arm-none-eabi-gcc -mcpu=cortex-m3 -mthumb -Os -fmessage-length=0 -fsigned-char -ffunction-sections -fdata-sections -ffreestanding -Wall -Wextra  -g -DNDEBUG -DSTM32F2XX -DUSE_STDPERIPH_DRIVER -DHSE_VALUE=8000000 -I"../include" -I"../system/include" -I"../system/include/cmsis" -I"../system/include/stm32f2-stdperiph" -std=gnu11 -MMD -MP -MF"system/src/cmsis/vectors_stm32f2xx.d" -MT"system/src/cmsis/vectors_stm32f2xx.o" -c -o "system/src/cmsis/vectors_stm32f2xx.o" "../system/src/cmsis/vectors_stm32f2xx.c"
Finished building: ../system/src/cmsis/vectors_stm32f2xx.c
 
Building file: ../src/BlinkLed.cpp
Invoking: Cross ARM GNU C++ Compiler
arm-none-eabi-g++ -mcpu=cortex-m3 -mthumb -Os -fmessage-length=0 -fsigned-char -ffunction-sections -fdata-sections -ffreestanding -Wall -Wextra  -g -DNDEBUG -DSTM32F2XX -DUSE_STDPERIPH_DRIVER -DHSE_VALUE=8000000 -I"../include" -I"../system/include" -I"../system/include/cmsis" -I"../system/include/stm32f2-stdperiph" -std=gnu++11 -fabi-version=0 -fno-exceptions -fno-rtti -fno-use-cxa-atexit -fno-threadsafe-statics -MMD -MP -MF"src/BlinkLed.d" -MT"src/BlinkLed.o" -c -o "src/BlinkLed.o" "../src/BlinkLed.cpp"
Finished building: ../src/BlinkLed.cpp
 
Building file: ../src/Timer.cpp
Invoking: Cross ARM GNU C++ Compiler
arm-none-eabi-g++ -mcpu=cortex-m3 -mthumb -Os -fmessage-length=0 -fsigned-char -ffunction-sections -fdata-sections -ffreestanding -Wall -Wextra  -g -DNDEBUG -DSTM32F2XX -DUSE_STDPERIPH_DRIVER -DHSE_VALUE=8000000 -I"../include" -I"../system/include" -I"../system/include/cmsis" -I"../system/include/stm32f2-stdperiph" -std=gnu++11 -fabi-version=0 -fno-exceptions -fno-rtti -fno-use-cxa-atexit -fno-threadsafe-statics -MMD -MP -MF"src/Timer.d" -MT"src/Timer.o" -c -o "src/Timer.o" "../src/Timer.cpp"
Finished building: ../src/Timer.cpp
 
Building file: ../src/_write.c
Invoking: Cross ARM GNU C Compiler
arm-none-eabi-gcc -mcpu=cortex-m3 -mthumb -Os -fmessage-length=0 -fsigned-char -ffunction-sections -fdata-sections -ffreestanding -Wall -Wextra  -g -DNDEBUG -DSTM32F2XX -DUSE_STDPERIPH_DRIVER -DHSE_VALUE=8000000 -I"../include" -I"../system/include" -I"../system/include/cmsis" -I"../system/include/stm32f2-stdperiph" -std=gnu11 -MMD -MP -MF"src/_write.d" -MT"src/_write.o" -c -o "src/_write.o" "../src/_write.c"
Finished building: ../src/_write.c
 
Building file: ../src/main.cpp
Invoking: Cross ARM GNU C++ Compiler
arm-none-eabi-g++ -mcpu=cortex-m3 -mthumb -Os -fmessage-length=0 -fsigned-char -ffunction-sections -fdata-sections -ffreestanding -Wall -Wextra  -g -DNDEBUG -DSTM32F2XX -DUSE_STDPERIPH_DRIVER -DHSE_VALUE=8000000 -I"../include" -I"../system/include" -I"../system/include/cmsis" -I"../system/include/stm32f2-stdperiph" -std=gnu++11 -fabi-version=0 -fno-exceptions -fno-rtti -fno-use-cxa-atexit -fno-threadsafe-statics -MMD -MP -MF"src/main.d" -MT"src/main.o" -c -o "src/main.o" "../src/main.cpp"
../src/main.cpp:1:22: fatal error: FreeRTOS.h: No such file or directory
compilation terminated.
make: *** [src/subdir.mk:33: src/main.o] Error 1

16:11:18 Build Finished (took 1s.431ms)

